


ARM Macro Assembler    Page 1 


    1 00000000                 AREA             term_project, CODE, READONLY
    2 00000000                 ENTRY
    3 00000000         
    4 00000000         Main
    5 00000000 E59FD274        ldr              r13, Tempb
    6 00000004 E59FE26C        ldr              r14, Tempa
    7 00000008 E3A03005        MOV              r3, #5
    8 0000000C         get_data
    9 0000000C E59F0A10        ldr              r0, =Sampled_Data ; save the da
                                                            ta(480) using Sampl
                                                            ed_Data label(32bit
                                                            , double word).
   10 00000010 E3A05000        MOV              r5, #0      ;filter initializin
                                                            g
   11 00000014 E3A0CE1E        mov              r12, #480
   12 00000018 E28CC002        add              r12, r12, #2
   13 0000001C E153000C        cmp              r3, r12     ;; check r3 > 480
   14 00000020 0A000083        BEQ              setlist
   15 00000024 E3A04004        mov              r4, #4
   16 00000028 E243A005        sub              r10, r3, #5
   17 0000002C E004049A        mul              r4, r10, r4
   18 00000030 E1A0C004        mov              r12, r4
   19 00000034 E7904004        ldr              r4, [r0,r4] ;get sampled addres
                                                            s start
   20 00000038 E080000C        ADD              r0, r0, r12
   21 0000003C E3A02000        MOV              r2, #0      ;initialize
   22 00000040 E3A06000        MOV              r6, #0      ;
   23 00000044 E3A07000        MOV              r7, #0      ;
   24 00000048 E3A08000        MOV              r8, #0      ;
   25 0000004C E3A09000        MOV              r9, #0      ;
   26 00000050 E3A0A000        MOV              r10, #0     ;
   27 00000054 E3A0B000        MOV              r11, #0     ;
   28 00000058 E3A0C000        MOV              r12, #0     ;
   29 0000005C EA000002        B                get_filter
   30 00000060         
   31 00000060         
   32 00000060         get_nextdata
   33 00000060 E1A02007        MOV              r2, r7      ; save mul result
   34 00000064 E5904004        ldr              r4, [r0,#4] ;get next sample da
                                                            ta
   35 00000068 E2800004        ADD              r0, r0, #4
   36 0000006C         
   37 0000006C         
   38 0000006C         get_filter
   39 0000006C         
   40 0000006C E3550000        cmp              r5, #0
   41 00000070 CA000002        BGT              get_nextfilter
   42 00000074 E59F19AC        ldr              r1, =Filter ;filter address 
   43 00000078 E4916004        ldr              r6, [r1], #4
   44 0000007C EA000002        B                multiplier
   45 00000080         get_nextfilter
   46 00000080 E5916000        ldr              r6, [r1]    ;get nextfilter val
                                                            ue
   47 00000084 E2811004        ADD              r1, r1,#4
   48 00000088 EAFFFFFF        B                multiplier
   49 0000008C         
   50 0000008C         multiplier
   51 0000008C E1A07FA4        MOV              r7, r4, lsr #31 ;r7 is sampleda
                                                            ta sign bit



ARM Macro Assembler    Page 2 


   52 00000090 E1A08FA6        MOV              r8, r6, lsr #31 ;r8 is filter s
                                                            ign bit
   53 00000094 E0277008        eor              r7, r7, r8  ;xor sigh bit
   54 00000098 E1A07F87        MOV              r7, r7, lsl #31 ;set sign bit
   55 0000009C         
   56 0000009C E1A08084        MOV              r8, r4, lsl #1
   57 000000A0 E1A08C28        MOV              r8, r8, lsr #24
   58 000000A4 E1A09086        MOV              r9, r6, lsl #1
   59 000000A8 E1A09C29        MOV              r9, r9, lsr #24 ;get exponent
   60 000000AC E0888009        ADD              r8, r8, r9
   61 000000B0 E24880FE        SUB              r8, #254
   62 000000B4 E288807F        ADD              r8, #127
   63 000000B8 E1A08B88        MOV              r8, r8, lsl #23 ;set exponent
   64 000000BC E0877008        ADD              r7, r8
   65 000000C0         
   66 000000C0 E1A08484        MOV              r8, r4, lsl #9
   67 000000C4 E1A084A8        MOV              r8, r8, lsr #9
   68 000000C8 E1A09486        MOV              r9, r6, lsl #9
   69 000000CC E1A094A9        MOV              r9, r9, lsr #9
   70 000000D0 E2888502        ADD              r8, r8, #0x00800000
   71 000000D4 E2899502        ADD              r9, r9, #0x00800000
   72 000000D8 E08AB998        UMULL            r11, r10, r8, r9
   73 000000DC E35A0902        CMP              r10, #0x00008000 ;normarizing
   74 000000E0 A1A0A40A        MOVGE            r10, r10, lsl #8
   75 000000E4 A2877502        ADDGE            r7, #0x00800000
   76 000000E8 B1A0A48A        MOVLT            r10, r10, lsl #9
   77 000000EC A1A0BC2B        MOVGE            r11, r11, lsr #24
   78 000000F0 B1A0BBAB        MOVLT            r11, r11, lsr #23
   79 000000F4         
   80 000000F4 E08AA00B        ADD              r10, r10, r11
   81 000000F8 E24AA502        SUB              r10, #0x00800000
   82 000000FC E087700A        ADD              r7, r10
   83 00000100 E2855001        ADD              r5, r5, #1
   84 00000104 E3550002        CMP              r5, #2
   85 00000108 AA000000        BGE              Add_
   86 0000010C EAFFFFD3        B                get_nextdata
   87 00000110         
   88 00000110         Add_
   89 00000110 E9AE107B        STMFA            r14!,{r0-r1, r3-r6, r12} 
                                                            ;save value
   90 00000114         
   91 00000114 E1A00082        MOV              r0, r2, LSL #1
   92 00000118 E1A01087        MOV              r1, r7, LSL #1
   93 0000011C E1500001        CMP              r0, r1
   94 00000120 0A000029        BEQ              finish_sum
   95 00000124         
   96 00000124 E3520102        CMP              r2, #0x80000000 
                                                            ; check sign bit
   97 00000128 93A00000        MOVLS            r0, #0
   98 0000012C 83A00001        MOVHI            r0, #1
   99 00000130         
  100 00000130 E3570102        CMP              r7, #0x80000000 ;
  101 00000134 93A01000        MOVLS            r1, #0
  102 00000138 83A01001        MOVHI            r1, #1
  103 0000013C         
  104 0000013C E1A03082        MOV              r3, r2, LSL #1
  105 00000140 E1A03C23        MOV              r3, r3, LSR #24
  106 00000144 E1A04087        MOV              r4, r7, LSL #1
  107 00000148 E1A04C24        MOV              r4, r4, LSR #24



ARM Macro Assembler    Page 3 


  108 0000014C         
  109 0000014C E1A05482        MOV              r5, r2, LSL #9
  110 00000150 E1A054A5        MOV              r5, r5, LSR #9
  111 00000154 E1A06487        MOV              r6, r7, LSL #9
  112 00000158 E1A064A6        MOV              r6, r6, LSR #9
  113 0000015C         
  114 0000015C E2855502        ADD              r5, r5, #0x00800000
  115 00000160 E2866502        ADD              r6, r6, #0x00800000
  116 00000164         
  117 00000164 E1530004        CMP              r3,r4
  118 00000168 C0438004        SUBGT            r8, r3, r4  ;if r3 > r4
  119 0000016C B0448003        SUBLT            r8, r4, r3  ;if r4 > r3
  120 00000170         
  121 00000170 C1A06836        MOVGT            r6, r6, LSR r8 ;shift mantissa
  122 00000174 B1A05835        MOVLT            r5, r5, LSR r8
  123 00000178         
  124 00000178 C1A09003        MOVGT            r9, r3
  125 0000017C D1A09004        MOVLE            r9, r4
  126 00000180         
  127 00000180 E1500001        CMP              r0, r1      ;check sign bit
  128 00000184 0A000000        BEQ              same
  129 00000188 1A000004        BNE              dif
  130 0000018C         
  131 0000018C         same
  132 0000018C E0855006        ADD              r5, r5, r6  ;add mantissa
  133 00000190 E3550401        CMP              r5, #0x01000000
  134 00000194 C1A050A5        MOVGT            r5, r5, LSR #1
  135 00000198 C2899001        ADDGT            r9, r9, #1
  136 0000019C EA00000A        B                finish_sum
  137 000001A0         
  138 000001A0         dif
  139 000001A0 E1560005        CMP              r6, r5      ; compare mantissa
  140 000001A4 C0465005        SUBGT            r5, r6, r5  ;if r6>r7
  141 000001A8 B0455006        SUBLT            r5, r5, r6  ;if r7>r6
  142 000001AC C1A00001        MOVGT            r0, r1
  143 000001B0 B1A00000        MOVLT            r0, r0
  144 000001B4 E3A08000        MOV              r8, #0
  145 000001B8         
  146 000001B8         normalize
  147 000001B8 E3550502        CMP              r5,#0x00800000 ;if r5 < 1.~
  148 000001BC B1A05085        MOVLT            r5, r5, LSL #1
  149 000001C0 B28CC001        ADDLT            r12, r12, #1
  150 000001C4 BAFFFFFB        BLT              normalize
  151 000001C8 A049900C        SUBGE            r9, r9, r12 ;exponent
  152 000001CC         
  153 000001CC         finish_sum
  154 000001CC E2455502        SUB              r5, r5, #0x00800000
  155 000001D0 E1A00F80        MOV              r0, r0, LSL #31
  156 000001D4 E1A09B89        MOV              r9, r9, LSL #23
  157 000001D8 E0807009        ADD              r7, r0, r9
  158 000001DC E0877005        ADD              r7, r7, r5  ;result add
  159 000001E0         
  160 000001E0 E83E107B        ldmfa            r14!,{r0-r1, r3-r6, r12} 
                                                            ;;get saved  value
  161 000001E4         
  162 000001E4 E3550006        cmp              r5, #6      ;if mul 6 time go t
                                                            o add
  163 000001E8 0A000000        BEQ              savedata
  164 000001EC EAFFFF9B        B                get_nextdata



ARM Macro Assembler    Page 4 


  165 000001F0         
  166 000001F0         savedata
  167 000001F0 E2833001        ADD              r3, r3, #1
  168 000001F4 E59F8088        LDR              r8, Result
  169 000001F8 E1A09FA7        MOV              r9, r7, LSR #31
  170 000001FC E3590001        cmp              r9, #1
  171 00000200 B3A02000        MOVLT            r2, #0
  172 00000204 BAFFFF80        BLT              get_data
  173 00000208 E1A09088        MOV              r9, r8, lsl #1
  174 0000020C E1A090A9        MOV              r9, r9, lsr #1
  175 00000210 E1A0A087        MOV              r10, r7, lsl #1
  176 00000214 E1A0A0AA        MOV              r10, r10, lsr #1
  177 00000218         
  178 00000218 E159000A        CMP              r9, r10     ;if save value < -4
                                                            .7
  179 0000021C BA000000        BLT              pushdata
  180 00000220         
  181 00000220 EAFFFF79        B                get_data
  182 00000224         
  183 00000224         pushdata
  184 00000224 E8AD0080        STMEA            r13!,{r7}   ;push data
  185 00000228 E2438005        SUB              r8, r3, #5
  186 0000022C E8AD0100        STMEA            r13!,{r8}   ;push index
  187 00000230 EAFFFF75        B                get_data
  188 00000234         
  189 00000234         setlist
  190 00000234 E59F0040        ldr              r0, Tempb   ; all sample data c
                                                            al finish
  191 00000238 E59F1060        ldr              r1, Save_Result_Address
  192 0000023C E59F203C        ldr              r2, Tempc
  193 00000240         
  194 00000240         loop_set
  195 00000240 E8B00008        ldmfd            r0!,{r3}    ;save result
  196 00000244 E3530000        CMP              r3, #0
  197 00000248 059F2030        LDREQ            r2, Tempc
  198 0000024C 0A000003        BEQ              set_index
  199 00000250 E4813004        str              r3,[r1],#4
  200 00000254 E8B00008        ldmfd            r0!,{r3}
  201 00000258 E0C230B2        strh             r3,[r2],#2  ;save index differe
                                                            nt memory
  202 0000025C EAFFFFF7        B                loop_set
  203 00000260         
  204 00000260         set_index
  205 00000260 E8B20008        ldmfd            r2!,{r3}    ;and get index
  206 00000264 E3530000        cmp              r3, #0
  207 00000268 0A000001        BEQ              finish_program
  208 0000026C E4813004        str              r3,[r1],#4  ;push index data
  209 00000270 EAFFFFFA        B                set_index
  210 00000274         
  211 00000274         finish_program
  212 00000274 E3A0F000        MOV              pc, #0      ;end
  213 00000278         
  214 00000278 00040000 
                       Tempa   &                &00040000
  215 0000027C 00050000 
                       Tempb   &                &00050000
  216 00000280 00060000 
                       Tempc   &                &00060000
  217 00000284         Result                               ; Store less that -



ARM Macro Assembler    Page 5 


                                                            4.7 of the convolut
                                                            ion results(32bit, 
                                                            double word) and th
                                                            eir indices(word).
  218 00000284 C0966666        DCD              0xC0966666  ; result -4.7
  219 00000288         
  220 00000288         Filter
  221 00000288 BE589375 
              BF4D5CFB 
              BFA39581 
              BEDCAC08 
              3FDC28F6 
              3FF9999A         DCD              0xBE589375, 0xBF4D5CFB, 0xBFA39
581, 0xBEDCAC08, 0x3FDC28F6, 0x3FF9999A 
                                                            ; 6filter
  222 000002A0         ;-0.215,  -0.8022 ,  -1.278, -0.431,  1.72  1.95
  223 000002A0         
  224 000002A0         
  225 000002A0         Save_Result_Address
  226 000002A0 F0000000        DCD              &F0000000
  227 000002A4         
  228 000002A4         Sampled_Data
  229 000002A4 BF20C60C 
              BB08B8D8 
              3F1A6D0B 
              3F96A4D0         DCD              0xBF20C60C, 0xBB08B8D8, 0x3F1A6
D0B, 0x3F96A4D0
  230 000002B4 3FDAB3A4 
              400C165A 
              4026FE23 
              403D9B3C         DCD              0x3FDAB3A4, 0x400C165A, 0x4026F
E23, 0x403D9B3C
  231 000002C4 404F8DD9 
              405C8E13 
              40646D24 
              40671628         DCD              0x404F8DD9, 0x405C8E13, 0x40646
D24, 0x40671628
  232 000002D4 40648E4D 
              405CF47D 
              40508084 
              403F81B4         DCD              0x40648E4D, 0x405CF47D, 0x40508
084, 0x403F81B4
  233 000002E4 402A5D12 
              40118B12 
              3FEB29FA 
              3FAE23F3         DCD              0x402A5D12, 0x40118B12, 0x3FEB2
9FA, 0x3FAE23F3
  234 000002F4 3F5A8F67 
              3EA79DBF 
              BE551889 
              BF3DFB17         DCD              0x3F5A8F67, 0x3EA79DBF, 0xBE551
889, 0xBF3DFB17
  235 00000304 BFA1D441 
              BFE1E0C5 
              C00EF836 
              C02A7523         DCD              0xBFA1D441, 0xBFE1E0C5, 0xC00EF
836, 0xC02A7523
  236 00000314 C042EA38 
              C057EC65 



ARM Macro Assembler    Page 6 


              C0692464 
              C0765036         DCD              0xC042EA38, 0xC057EC65, 0xC0692
464, 0xC0765036
  237 00000324 C07F4435 
              C081F5CD 
              C082244C 
              C08039FB         DCD              0xC07F4435, 0xC081F5CD, 0xC0822
44C, 0xC08039FB
  238 00000334 C0789C34 
              C06D0440 
              C05E01C1 
              C04BFB0F         DCD              0xC0789C34, 0xC06D0440, 0xC05E0
1C1, 0xC04BFB0F
  239 00000344 C03764C9 
              C020BF3A 
              C008937D 
              BFDEE10D         DCD              0xC03764C9, 0xC020BF3A, 0xC0089
37D, 0xBFDEE10D
  240 00000354 BFABD023 
              BF722E4C 
              BF0FA4CA 
              BE488E71         DCD              0xBFABD023, 0xBF722E4C, 0xBF0FA
4CA, 0xBE488E71
  241 00000364 3E116448 
              3EE40582 
              3F35417F 
              3F6CBB89         DCD              0x3E116448, 0x3EE40582, 0x3F354
17F, 0x3F6CBB89
  242 00000374 3F8BADC0 
              3F9A2A8D 
              3FA19423 
              3FA1D150         DCD              0x3F8BADC0, 0x3F9A2A8D, 0x3FA19
423, 0x3FA1D150
  243 00000384 3F9AEFAF 
              3F8D22C6 
              3F7184D6 
              3F3C90D8         DCD              0x3F9AEFAF, 0x3F8D22C6, 0x3F718
4D6, 0x3F3C90D8
  244 00000394 3EF93646 
              3E4C3067 
              BDF42987 
              BEECB7D0         DCD              0x3EF93646, 0x3E4C3067, 0xBDF42
987, 0xBEECB7D0
  245 000003A4 BF529EFD 
              BF98B18C 
              BFC85A59 
              BFF75116         DCD              0xBF529EFD, 0xBF98B18C, 0xBFC85
A59, 0xBFF75116
  246 000003B4 C012516B 
              C027B3A2 
              C03B6288 
              C04CFAF6         DCD              0xC012516B, 0xC027B3A2, 0xC03B6
288, 0xC04CFAF6
  247 000003C4 C05C2514 
              C06895DA 
              C0721050 
              C078667C         DCD              0xC05C2514, 0xC06895DA, 0xC0721
050, 0xC078667C
  248 000003D4 C07B7A01 



ARM Macro Assembler    Page 7 


              C07B3C6F 
              C077AF3F 
              C070E381         DCD              0xC07B7A01, 0xC07B3C6F, 0xC077A
F3F, 0xC070E381
  249 000003E4 C066F943 
              C05A1EAD 
              C04A8EE1 
              C03890A4         DCD              0xC066F943, 0xC05A1EAD, 0xC04A8
EE1, 0xC03890A4
  250 000003F4 C02474D8 
              C00E94CA 
              BFEEA0DC 
              BFBE18FD         DCD              0xC02474D8, 0xC00E94CA, 0xBFEEA
0DC, 0xBFBE18FD
  251 00000404 BF8C612E 
              BF349547 
              BEA2934C 
              3D78C33E         DCD              0xBF8C612E, 0xBF349547, 0xBEA29
34C, 0x3D78C33E
  252 00000414 3ED8D292 
              3F43E21F 
              3F8A542B 
              3FAEC7C2         DCD              0x3ED8D292, 0x3F43E21F, 0x3F8A5
42B, 0x3FAEC7C2
  253 00000424 3FCEC8AA 
              3FE9E869 
              3FFFCE74 
              40081C7F         DCD              0x3FCEC8AA, 0x3FE9E869, 0x3FFFC
E74, 0x40081C7F
  254 00000434 400D7EAF 
              40100408 
              400FAE28 
              400C89AC         DCD              0x400D7EAF, 0x40100408, 0x400FA
E28, 0x400C89AC
  255 00000444 4006ADA7 
              3FFC75E8 
              3FE6B6C8 
              3FCC81A2         DCD              0x4006ADA7, 0x3FFC75E8, 0x3FE6B
6C8, 0x3FCC81A2
  256 00000454 3FAE4843 
              3F8C8865 
              3F4F92F3 
              3F0134CA         DCD              0x3FAE4843, 0x3F8C8865, 0x3F4F9
2F3, 0x3F0134CA
  257 00000464 3E3C79B9 
              BE16089E 
              BEF6FB0B 
              BF51A6F3         DCD              0x3E3C79B9, 0xBE16089E, 0xBEF6F
B0B, 0xBF51A6F3
  258 00000474 BF936C32 
              BFBCFB1B 
              BFE4F945 
              C0057417         DCD              0xBF936C32, 0xBFBCFB1B, 0xBFE4F
945, 0xC0057417
  259 00000484 C0172993 
              C027683B 
              C0360134 
              C042CC12         DCD              0xC0172993, 0xC027683B, 0xC0360
134, 0xC042CC12



ARM Macro Assembler    Page 8 


  260 00000494 C04DA727 
              C05677C8 
              C05D2A75 
              C061B2F1         DCD              0xC04DA727, 0xC05677C8, 0xC05D2
A75, 0xC061B2F1
  261 000004A4 C0640C42 
              C06438A7 
              C0624173 
              C05E36DE         DCD              0xC0640C42, 0xC06438A7, 0xC0624
173, 0xC05E36DE
  262 000004B4 C0582FC3 
              C0504950 
              C046A6A5 
              C03B7066         DCD              0xC0582FC3, 0xC0504950, 0xC046A
6A5, 0xC03B7066
  263 000004C4 C02ED43E 
              C0210454 
              C01236B8 
              C002A4B8         DCD              0xC02ED43E, 0xC0210454, 0xC0123
6B8, 0xC002A4B8
  264 000004D4 BFE5146A 
              BFC449C8 
              BFA36715 
              BF82EA5D         DCD              0xBFE5146A, 0xBFC449C8, 0xBFA36
715, 0xBF82EA5D
  265 000004E4 BF46A106 
              BF0A2710 
              BEA2A344 
              BDE7F688         DCD              0xBF46A106, 0xBF0A2710, 0xBEA2A
344, 0xBDE7F688
  266 000004F4 3D901BA9 
              3E6BEB09 
              3EBA86BF 
              3EF0A699         DCD              0x3D901BA9, 0x3E6BEB09, 0x3EBA8
6BF, 0x3EF0A699
  267 00000504 3F0BBD04 
              3F1731E2 
              3F1A8439 
              3F15A8E3         DCD              0x3F0BBD04, 0x3F1731E2, 0x3F1A8
439, 0x3F15A8E3
  268 00000514 3F08B868 
              3EE7DF14 
              3EAF5E85 
              3E51F08C         DCD              0x3F08B868, 0x3EE7DF14, 0x3EAF5
E85, 0x3E51F08C
  269 00000524 00000000 
              3EAFBCA1 
              3F2E46B1 
              3F80E603         DCD              0x00000000, 0x3EAFBCA1, 0x3F2E4
6B1, 0x3F80E603
  270 00000534 3FA8894F 
              3FCD6C2C 
              3FEEFE0A 
              40066112         DCD              0x3FA8894F, 0x3FCD6C2C, 0x3FEEF
E0A, 0x40066112
  271 00000544 40132922 
              401DB07A 
              4025DD7C 
              402BA41A         DCD              0x40132922, 0x401DB07A, 0x4025D



ARM Macro Assembler    Page 9 


D7C, 0x402BA41A
  272 00000554 402F05DD 
              403011A1 
              402EE2F0 
              402BA10B         DCD              0x402F05DD, 0x403011A1, 0x402EE
2F0, 0x402BA10B
  273 00000564 40267DAA 
              401FB377 
              4017844E 
              400E375A         DCD              0x40267DAA, 0x401FB377, 0x40178
44E, 0x400E375A
  274 00000574 4004170D 
              3FF2DE18 
              3FDD142E 
              3FC7600B         DCD              0x4004170D, 0x3FF2DE18, 0x3FDD1
42E, 0x3FC7600B
  275 00000584 3FB247B5 
              3F9E4408 
              3F8BBDA4 
              3F7614AA         DCD              0x3FB247B5, 0x3F9E4408, 0x3F8BB
DA4, 0x3F7614AA
  276 00000594 3F58D639 
              3F40159B 
              3F2BFAB5 
              3F1C7FA3         DCD              0x3F58D639, 0x3F40159B, 0x3F2BF
AB5, 0x3F1C7FA3
  277 000005A4 3F117205 
              3F0A759D 
              3F07082A 
              3F06865F         DCD              0x3F117205, 0x3F0A759D, 0x3F070
82A, 0x3F06865F
  278 000005B4 3F0831D4 
              3F0B37B8 
              3F0EB82C 
              3F11CDF4         DCD              0x3F0831D4, 0x3F0B37B8, 0x3F0EB
82C, 0x3F11CDF4
  279 000005C4 3F139654 
              3F1338E0 
              3F0FEEFB 
              3F090AD8         DCD              0x3F139654, 0x3F1338E0, 0x3F0FE
EFB, 0x3F090AD8
  280 000005D4 3EFBFB7F 
              3EDCBAE2 
              3EB3D0EC 
              3E81128B         DCD              0x3EFBFB7F, 0x3EDCBAE2, 0x3EB3D
0EC, 0x3E81128B
  281 000005E4 3E09606A 
              BAC90C27 
              BE1CE2AA 
              BEA30A50         DCD              0x3E09606A, 0xBAC90C27, 0xBE1CE
2AA, 0xBEA30A50
  282 000005F4 BEFD0636 
              BF2D489B 
              BF5CCE81 
              BF85FB8F         DCD              0xBEFD0636, 0xBF2D489B, 0xBF5CC
E81, 0xBF85FB8F
  283 00000604 BF9CCAD6 
              BFB23B25 
              BFC5B326 



ARM Macro Assembler    Page 10 


              BFD69E4F         DCD              0xBF9CCAD6, 0xBFB23B25, 0xBFC5B
326, 0xBFD69E4F
  284 00000614 BFE47104 
              BFEEAC86 
              BFF4E29E 
              BFF6B8D7         DCD              0xBFE47104, 0xBFEEAC86, 0xBFF4E
29E, 0xBFF6B8D7
  285 00000624 BFF3EB47 
              BFEC4EC1 
              BFDFD265 
              BFCE8087         DCD              0xBFF3EB47, 0xBFEC4EC1, 0xBFDFD
265, 0xBFCE8087
  286 00000634 BFB87EDD 
              BF9E0DFF 
              BF7F1053 
              BF3ABEBB         DCD              0xBFB87EDD, 0xBF9E0DFF, 0xBF7F1
053, 0xBF3ABEBB
  287 00000644 BEE06B6D 
              BE02A083 
              3E4A6799 
              3F082AD6         DCD              0xBEE06B6D, 0xBE02A083, 0x3E4A6
799, 0x3F082AD6
  288 00000654 3F5E982A 
              3F9A358F 
              3FC418C8 
              3FEC4359         DCD              0x3F5E982A, 0x3F9A358F, 0x3FC41
8C8, 0x3FEC4359
  289 00000664 400906DA 
              401A6F86 
              402A1866 
              4037C8CD         DCD              0x400906DA, 0x401A6F86, 0x402A1
866, 0x4037C8CD
  290 00000674 404353E7 
              404C999E 
              4053872E 
              4058175C         DCD              0x404353E7, 0x404C999E, 0x40538
72E, 0x4058175C
  291 00000684 405A5253 
              405A4D2A 
              40582910 
              40541230         DCD              0x405A5253, 0x405A4D2A, 0x40582
910, 0x40541230
  292 00000694 404E3E43 
              4046EAF5 
              403E5C05 
              4034D958         DCD              0x404E3E43, 0x4046EAF5, 0x403E5
C05, 0x4034D958
  293 000006A4 402AACE4 
              4020209C 
              40157C69 
              400B042E         DCD              0x402AACE4, 0x4020209C, 0x40157
C69, 0x400B042E
  294 000006B4 4000F5FA 
              3FEF10D0 
              3FDDD270 
              3FCE786F         DCD              0x4000F5FA, 0x3FEF10D0, 0x3FDDD
270, 0x3FCE786F
  295 000006C4 3FC134D7 
              3FB62333 



ARM Macro Assembler    Page 11 


              3FAD483D 
              3FA69241         DCD              0x3FC134D7, 0x3FB62333, 0x3FAD4
83D, 0x3FA69241
  296 000006D4 3FA1DA2C 
              3F9EE537 
              3F9D6730 
              3F9D0539         DCD              0x3FA1DA2C, 0x3F9EE537, 0x3F9D6
730, 0x3F9D0539
  297 000006E4 3F9D5906 
              3F9DF46A 
              3F9E651A 
              3F9E38A0         DCD              0x3F9D5906, 0x3F9DF46A, 0x3F9E6
51A, 0x3F9E38A0
  298 000006F4 3F9D0045 
              3F9A54E4 
              3F95DA8A 
              3F8F43C2         DCD              0x3F9D0045, 0x3F9A54E4, 0x3F95D
A8A, 0x3F8F43C2
  299 00000704 3F865478 
              3F75C8BA 
              3F59C16B 
              3F389B1D         DCD              0x3F865478, 0x3F75C8BA, 0x3F59C
16B, 0x3F389B1D
  300 00000714 3F128C84 
              3ECFF54C 
              3E65DCC0 
              3CF7AED7         DCD              0x3F128C84, 0x3ECFF54C, 0x3E65D
CC0, 0x3CF7AED7
  301 00000724 BE31470E 
              BEC36B5E 
              BF1753CE 
              BF4BFF24         DCD              0xBE31470E, 0xBEC36B5E, 0xBF175
3CE, 0xBF4BFF24
  302 00000734 BF7E8008 
              BF96CE31 
              BFAC100D 
              BFBE72B7         DCD              0xBF7E8008, 0xBF96CE31, 0xBFAC1
00D, 0xBFBE72B7
  303 00000744 BFCD6E90 
              BFD88B04 
              BFDF61FD 
              BFE1A2E6         DCD              0xBFCD6E90, 0xBFD88B04, 0xBFDF6
1FD, 0xBFE1A2E6
  304 00000754 BFDF1522 
              BFD799E7 
              BFCB2D74 
              BFB9E792         DCD              0xBFDF1522, 0xBFD799E7, 0xBFCB2
D74, 0xBFB9E792
  305 00000764 BFA3FB5E 
              BF89B665 
              BF56FE0B 
              BF13A46D         DCD              0xBFA3FB5E, 0xBF89B665, 0xBF56F
E0B, 0xBF13A46D
  306 00000774 BE9502B6 
              3C4A3B0D 
              3EA7FDCC 
              3F2693FA         DCD              0xBE9502B6, 0x3C4A3B0D, 0x3EA7F
DCC, 0x3F2693FA
  307 00000784 3F79731D 



ARM Macro Assembler    Page 12 


              3FA593D3 
              3FCD230F 
              3FF2BA64         DCD              0x3F79731D, 0x3FA593D3, 0x3FCD2
30F, 0x3FF2BA64
  308 00000794 400ADCEC 
              401AC902 
              4028E3A6 
              4034FA49         DCD              0x400ADCEC, 0x401AC902, 0x4028E
3A6, 0x4034FA49
  309 000007A4 40400000 
              40756413 
              4093E595 
              40AA38E3         DCD              0x40400000, 0x40756413, 0x4093E
595, 0x40AA38E3
  310 000007B4 40BC8125 
              40C9DFCC 
              40D1D121 
              40D432EE         DCD              0x40BC8125, 0x40C9DFCC, 0x40D1D
121, 0x40D432EE
  311 000007C4 40D142BF 
              40C99413 
              40BDFF91 
              40AF8CF9         DCD              0x40D142BF, 0x40C99413, 0x40BDF
F91, 0x40AF8CF9
  312 000007D4 409F5A02 
              408E80A2 
              407BFE46 
              405D48B6         DCD              0x409F5A02, 0x408E80A2, 0x407BF
E46, 0x405D48B6
  313 000007E4 4042036C 
              402AC8A9 
              4017AB51 
              40084682         DCD              0x4042036C, 0x402AC8A9, 0x4017A
B51, 0x40084682
  314 000007F4 3FF7B2E7 
              3FE2D8BA 
              3FCFF44C 
              3FBD3489         DCD              0x3FF7B2E7, 0x3FE2D8BA, 0x3FCFF
44C, 0x3FBD3489
  315 00000804 3FA94C48 
              3F93ABF4 
              3F794725 
              3F4AD260         DCD              0x3FA94C48, 0x3F93ABF4, 0x3F794
725, 0x3F4AD260
  316 00000814 3F200558 
              3EFC5311 
              3ED670A6 
              3EDA5EF9         DCD              0x3F200558, 0x3EFC5311, 0x3ED67
0A6, 0x3EDA5EF9
  317 00000824 3F09597D 
              3F439CCF 
              3F8EF273 
              3FCBDAB6         DCD              0x3F09597D, 0x3F439CCF, 0x3F8EF
273, 0x3FCBDAB6
  318 00000834 400B7D0D 
              4036BC5C 
              4065ABD2 
              408AEC86         DCD              0x400B7D0D, 0x4036BC5C, 0x4065A
BD2, 0x408AEC86



ARM Macro Assembler    Page 13 


  319 00000844 40A245A9 
              40B77C23 
              40C93E08 
              40D667E9         DCD              0x40A245A9, 0x40B77C23, 0x40C93
E08, 0x40D667E9
  320 00000854 40DE1CC0 
              40DFD84C 
              40DB7A2E 
              40D148C8         DCD              0x40DE1CC0, 0x40DFD84C, 0x40DB7
A2E, 0x40D148C8
  321 00000864 40C1EB7D 
              40AE5CFD 
              4097D6C0 
              407F6F5C         DCD              0x40C1EB7D, 0x40AE5CFD, 0x4097D
6C0, 0x407F6F5C
  322 00000874 404ED067 
              40207CC4 
              3FED923F 
              3FA712F0         DCD              0x404ED067, 0x40207CC4, 0x3FED9
23F, 0x3FA712F0
  323 00000884 3F5FD3E4 
              3F12645D 
              3ECAE575 
              3EAC9259         DCD              0x3F5FD3E4, 0x3F12645D, 0x3ECAE
575, 0x3EAC9259
  324 00000894 3EC0BA7C 
              3EFBE3F3 
              3F28CE12 
              3F5AF2FF         DCD              0x3EC0BA7C, 0x3EFBE3F3, 0x3F28C
E12, 0x3F5AF2FF
  325 000008A4 3F87A11B 
              3FA0FFDB 
              3FB8928B 
              3FCE3E99         DCD              0x3F87A11B, 0x3FA0FFDB, 0x3FB89
28B, 0x3FCE3E99
  326 000008B4 3FE2C334 
              3FF78FC1 
              40074235 
              4014D1ED         DCD              0x3FE2C334, 0x3FF78FC1, 0x40074
235, 0x4014D1ED
  327 000008C4 40255F6E 
              40399198 
              4051AB54 
              406D7343         DCD              0x40255F6E, 0x40399198, 0x4051A
B54, 0x406D7343
  328 000008D4 40861437 
              409642D8 
              40A669F4 
              40B584D6         DCD              0x40861437, 0x409642D8, 0x40A66
9F4, 0x40B584D6
  329 000008E4 40C27ACC 
              40CC37C3 
              40D1C5E8 
              40D265E2         DCD              0x40C27ACC, 0x40CC37C3, 0x40D1C
5E8, 0x40D265E2
  330 000008F4 40CDA347 
              40C3632C 
              40B3EB4F 
              409FE10D         DCD              0x40CDA347, 0x40C3632C, 0x40B3E



ARM Macro Assembler    Page 14 


B4F, 0x409FE10D
  331 00000904 40883FFC 
              405C91E4 
              4026D5BB 
              3FE49DDE         DCD              0x40883FFC, 0x405C91E4, 0x4026D
5BB, 0x3FE49DDE
  332 00000914 3F83D8EF 
              3EC283C4 
              BE0615F4 
              BEF552FE         DCD              0x3F83D8EF, 0x3EC283C4, 0xBE061
5F4, 0xBEF552FE
  333 00000924 BF2723D3 
              BF270189 
              BEFA7DB8 
              BE3D91CA         DCD              0xBF2723D3, 0xBF270189, 0xBEFA7
DB8, 0xBE3D91CA
  334 00000934 3E6C3DC5 
              3F39649B 
              3FA13B7A 
              3FE6C191         DCD              0x3E6C3DC5, 0x3F39649B, 0x3FA13
B7A, 0x3FE6C191
  335 00000944 4014B78F 
              403321F0 
              404DA230 
              4063C630         DCD              0x4014B78F, 0x403321F0, 0x404DA
230, 0x4063C630
  336 00000954 4075A19B 
              4081DD15 
              40877440 
              408C1895         DCD              0x4075A19B, 0x4081DD15, 0x40877
440, 0x408C1895
  337 00000964 40904D24 
              40948137 
              4098FEA7 
              409DDD0D         DCD              0x40904D24, 0x40948137, 0x4098F
EA7, 0x409DDD0D
  338 00000974 40A2FB3A 
              40A7FFB6 
              40AC605E 
              40AF705A         DCD              0x40A2FB3A, 0x40A7FFB6, 0x40AC6
05E, 0x40AF705A
  339 00000984 40B07312 
              40AEB232 
              40A99476 
              40A0B2DD         DCD              0x40B07312, 0x40AEB232, 0x40A99
476, 0x40A0B2DD
  340 00000994 4093E9ED 
              40836536 
              405F472E 
              4032E759         DCD              0x4093E9ED, 0x40836536, 0x405F4
72E, 0x4032E759
  341 000009A4 4003D0D4 
              3FA91B1B 
              3F1F6FD3 
              3BF1A611         DCD              0x4003D0D4, 0x3FA91B1B, 0x3F1F6
FD3, 0x3BF1A611
  342 000009B4 BEF8C529 
              BF530DDA 
              BF7C3518 



ARM Macro Assembler    Page 15 


              BF74D9E3         DCD              0xBEF8C529, 0xBF530DDA, 0xBF7C3
518, 0xBF74D9E3
  343 000009C4 BF3D2BFF 
              BEB111CC 
              3E4B21A7 
              3F5C1925         DCD              0xBF3D2BFF, 0xBEB111CC, 0x3E4B2
1A7, 0x3F5C1925
  344 000009D4 3FCC8307 
              401792FC 
              40482A77 
              40756F2C         DCD              0x3FCC8307, 0x401792FC, 0x40482
A77, 0x40756F2C
  345 000009E4 408E9802 
              409EE484 
              40AB1D6B 
              40B31930         DCD              0x408E9802, 0x409EE484, 0x40AB1
D6B, 0x40B31930
  346 000009F4 40B70051 
              40B741EA 
              40B48249 
              40AF857C         DCD              0x40B70051, 0x40B741EA, 0x40B48
249, 0x40AF857C
  347 00000A04 40A91818 
              40A1F8A3 
              409AC3EB 
              4093E648         DCD              0x40A91818, 0x40A1F8A3, 0x409AC
3EB, 0x4093E648
  348 00000A14 408D932F 
              4087C3DF 
              40823D2B 
              40793743         DCD              0x408D932F, 0x4087C3DF, 0x40823
D2B, 0x40793743
  349 00000A24         
  350 00000A24                 END
              00000000 
              00000000 
Command Line: --debug --xref --diag_suppress=9931 --cpu=ARM9E --apcs=interwork 
--depend=.\objects\term_project.d -o.\objects\term_project.o -ID:\Keil_v5\ARM\R
V31\INC -ID:\Keil_v5\ARM\CMSIS\Include --predefine="__EVAL SETA 1" --predefine=
"__UVISION_VERSION SETA 529" --list=.\listings\term_project.lst Term_project.s



ARM Macro Assembler    Page 1 Alphabetic symbol ordering
Relocatable symbols

Add_ 00000110

Symbol: Add_
   Definitions
      At line 88 in file Term_project.s
   Uses
      At line 85 in file Term_project.s
Comment: Add_ used once
Filter 00000288

Symbol: Filter
   Definitions
      At line 220 in file Term_project.s
   Uses
      At line 42 in file Term_project.s
Comment: Filter used once
Main 00000000

Symbol: Main
   Definitions
      At line 4 in file Term_project.s
   Uses
      None
Comment: Main unused
Result 00000284

Symbol: Result
   Definitions
      At line 217 in file Term_project.s
   Uses
      At line 168 in file Term_project.s
Comment: Result used once
Sampled_Data 000002A4

Symbol: Sampled_Data
   Definitions
      At line 228 in file Term_project.s
   Uses
      At line 9 in file Term_project.s
Comment: Sampled_Data used once
Save_Result_Address 000002A0

Symbol: Save_Result_Address
   Definitions
      At line 225 in file Term_project.s
   Uses
      At line 191 in file Term_project.s
Comment: Save_Result_Address used once
Tempa 00000278

Symbol: Tempa
   Definitions
      At line 214 in file Term_project.s
   Uses
      At line 6 in file Term_project.s
Comment: Tempa used once
Tempb 0000027C

Symbol: Tempb



ARM Macro Assembler    Page 2 Alphabetic symbol ordering
Relocatable symbols

   Definitions
      At line 215 in file Term_project.s
   Uses
      At line 5 in file Term_project.s
      At line 190 in file Term_project.s

Tempc 00000280

Symbol: Tempc
   Definitions
      At line 216 in file Term_project.s
   Uses
      At line 192 in file Term_project.s
      At line 197 in file Term_project.s

dif 000001A0

Symbol: dif
   Definitions
      At line 138 in file Term_project.s
   Uses
      At line 129 in file Term_project.s
Comment: dif used once
finish_program 00000274

Symbol: finish_program
   Definitions
      At line 211 in file Term_project.s
   Uses
      At line 207 in file Term_project.s
Comment: finish_program used once
finish_sum 000001CC

Symbol: finish_sum
   Definitions
      At line 153 in file Term_project.s
   Uses
      At line 94 in file Term_project.s
      At line 136 in file Term_project.s

get_data 0000000C

Symbol: get_data
   Definitions
      At line 8 in file Term_project.s
   Uses
      At line 172 in file Term_project.s
      At line 181 in file Term_project.s
      At line 187 in file Term_project.s

get_filter 0000006C

Symbol: get_filter
   Definitions
      At line 38 in file Term_project.s
   Uses
      At line 29 in file Term_project.s
Comment: get_filter used once
get_nextdata 00000060



ARM Macro Assembler    Page 3 Alphabetic symbol ordering
Relocatable symbols


Symbol: get_nextdata
   Definitions
      At line 32 in file Term_project.s
   Uses
      At line 86 in file Term_project.s
      At line 164 in file Term_project.s

get_nextfilter 00000080

Symbol: get_nextfilter
   Definitions
      At line 45 in file Term_project.s
   Uses
      At line 41 in file Term_project.s
Comment: get_nextfilter used once
loop_set 00000240

Symbol: loop_set
   Definitions
      At line 194 in file Term_project.s
   Uses
      At line 202 in file Term_project.s
Comment: loop_set used once
multiplier 0000008C

Symbol: multiplier
   Definitions
      At line 50 in file Term_project.s
   Uses
      At line 44 in file Term_project.s
      At line 48 in file Term_project.s

normalize 000001B8

Symbol: normalize
   Definitions
      At line 146 in file Term_project.s
   Uses
      At line 150 in file Term_project.s
Comment: normalize used once
pushdata 00000224

Symbol: pushdata
   Definitions
      At line 183 in file Term_project.s
   Uses
      At line 179 in file Term_project.s
Comment: pushdata used once
same 0000018C

Symbol: same
   Definitions
      At line 131 in file Term_project.s
   Uses
      At line 128 in file Term_project.s
Comment: same used once
savedata 000001F0




ARM Macro Assembler    Page 4 Alphabetic symbol ordering
Relocatable symbols

Symbol: savedata
   Definitions
      At line 166 in file Term_project.s
   Uses
      At line 163 in file Term_project.s
Comment: savedata used once
set_index 00000260

Symbol: set_index
   Definitions
      At line 204 in file Term_project.s
   Uses
      At line 198 in file Term_project.s
      At line 209 in file Term_project.s

setlist 00000234

Symbol: setlist
   Definitions
      At line 189 in file Term_project.s
   Uses
      At line 14 in file Term_project.s
Comment: setlist used once
term_project 00000000

Symbol: term_project
   Definitions
      At line 1 in file Term_project.s
   Uses
      None
Comment: term_project unused
25 symbols
359 symbols in table
